<?xml version="1.0" encoding="UTF-8"?>
<!-- Generated by org.testng.reporters.JUnitReportReporter -->
<testsuite hostname="LAPTOP-DK38VD03" failures="0" tests="1" name="restAssuredDemo.Script003PostMethod" time="1.788" errors="0" timestamp="2023-11-10T13:18:07 IST" skipped="0">
  <testcase classname="restAssuredDemo.Script003PostMethod" name="postmethod" time="1.788"/>
  <system-out/>
</testsuite> <!-- restAssuredDemo.Script003PostMethod -->
