<?xml version="1.0" encoding="UTF-8"?>
<!-- Generated by org.testng.reporters.JUnitReportReporter -->
<testsuite hostname="LAPTOP-DK38VD03" failures="0" tests="1" name="restAssuredDemo.loggingmethods" time="4.060" errors="0" timestamp="2023-11-10T13:50:44 IST" skipped="0">
  <testcase classname="restAssuredDemo.loggingmethods" name="loggingRestAssured" time="4.060"/>
  <system-out/>
</testsuite> <!-- restAssuredDemo.loggingmethods -->
