<?xml version="1.0" encoding="UTF-8"?>
<!-- Generated by org.testng.reporters.JUnitReportReporter -->
<testsuite hostname="LAPTOP-DK38VD03" failures="0" tests="2" name="restAssuredDemo.Script002GetMethod" time="1.601" errors="0" timestamp="2023-11-10T13:15:17 IST" skipped="0">
  <testcase classname="restAssuredDemo.Script002GetMethod" name="httpGetMethod" time="0.236"/>
  <system-out/>
  <testcase classname="restAssuredDemo.Script002GetMethod" name="GetMethodBDDStyle" time="1.365"/>
  <system-out/>
</testsuite> <!-- restAssuredDemo.Script002GetMethod -->
