<?xml version="1.0" encoding="UTF-8"?>
<!-- Generated by org.testng.reporters.JUnitReportReporter -->
<testsuite hostname="LAPTOP-DK38VD03" failures="0" tests="1" name="restAssuredDemo.Script004PayLoadJSON" time="3.686" errors="0" timestamp="2023-11-10T13:20:20 IST" skipped="0">
  <testcase classname="restAssuredDemo.Script004PayLoadJSON" name="postusingjson" time="3.686"/>
  <system-out/>
</testsuite> <!-- restAssuredDemo.Script004PayLoadJSON -->
